[38;5;8mCreated file:[0m 
/tmp/ff13ed14-c90e-4
ea6-8448-0a37b23ceca
3/Domain/Entities/Pr
oduct.cs
[38;5;8mCreated file:[0m 
/tmp/ff13ed14-c90e-4
ea6-8448-0a37b23ceca
3/Application/Featur
es/Products/Commands
/CreateProduct/Creat
eProductCommand.cs
[38;5;7mSystem.[0m
[38;5;15mInvalidOperationExce[0m
[38;5;15mption[0m: [1;38;5;9mThis template[0m
[1;38;5;9mhas errors. Check [0m
[1;38;5;9mthe [0m
[1;38;5;9m<Template.HasError> [0m
[1;38;5;9mand [0m
[1;38;5;9m<Template.Messages> [0m
[1;38;5;9mbefore evaluating a [0m
[1;38;5;9mtemplate. Messages:[0m
[1;38;5;9m<input>(19,36) : [0m
[1;38;5;9merror : Error while [0m
[1;38;5;9mparsing binary [0m
[1;38;5;9mexpression: [0m
[1;38;5;9mExpecting an [0m
[1;38;5;9m<expression> to the [0m
[1;38;5;9mright of the [0m
[1;38;5;9moperator instead of [0m
[1;38;5;9m`>` in: <expression>[0m
[1;38;5;9moperator [0m
[1;38;5;9m<expression>[0m
[1;38;5;9m<input>(19,49) : [0m
[1;38;5;9merror : Unexpected [0m
[1;38;5;9mtoken `{` while [0m
[1;38;5;9mparsing object [0m
[1;38;5;9minitializer. [0m
[1;38;5;9mExpecting a simple [0m
[1;38;5;9midentifier for the [0m
[1;38;5;9mmember name.[0m
[1;38;5;9m<input>(19,54) : [0m
[1;38;5;9merror : Unexpected [0m
[1;38;5;9mtoken `}` Expecting [0m
[1;38;5;9ma colon : after [0m
[1;38;5;9midentifier `Name` [0m
[1;38;5;9mfor object [0m
[1;38;5;9minitializer member [0m
[1;38;5;9mname[0m
[1;38;5;9m<input>(19,54) : [0m
[1;38;5;9merror : Expecting a [0m
[1;38;5;9mcomma to separate [0m
[1;38;5;9marguments in a [0m
[1;38;5;9mfunction call.[0m
[1;38;5;9m<input>(19,54) : [0m
[1;38;5;9merror : Expecting an[0m
[1;38;5;9mexpression for [0m
[1;38;5;9margument function [0m
[1;38;5;9mcalls instead of [0m
[1;38;5;9mthis token.[0m
[1;38;5;9m<input>(19,54) : [0m
[1;38;5;9merror : Expecting a [0m
[1;38;5;9mclosing parenthesis [0m
[1;38;5;9mfor a function call.[0m
[1;38;5;9m<input>(19,54) : [0m
[1;38;5;9merror : Invalid [0m
[1;38;5;9mtoken found `}`. [0m
[1;38;5;9mExpecting <EOL>/end [0m
[1;38;5;9mof line.[0m
  [38;5;8mat[0m [38;5;12mvoid[0m           
     [38;5;7mScriban.Templat[0m
     [38;5;7me.[0m[38;5;11mCheckErrors[0m[38;5;7m()[0m
  [38;5;8mat[0m [38;5;12mobject[0m         
     [38;5;7mScriban.Templat[0m
     [38;5;7me.[0m             
     [38;5;11mEvaluateAndRend[0m
     [38;5;11mer[0m[38;5;7m([0m            
     [38;5;12mTemplateContext[0m
     [38;5;7mcontext[0m, [38;5;12mbool[0m  
     [38;5;7mrender)[0m        
  [38;5;8mat[0m [38;5;12mstring[0m         
     [38;5;7mScriban.Templat[0m
     [38;5;7me.[0m[38;5;11mRender[0m[38;5;7m([0m      
     [38;5;12mTemplateContext[0m
     [38;5;7mcontext)[0m       
  [38;5;8mat[0m [38;5;12mstring[0m         
     [38;5;7mMTC.Services.Sc[0m
     [38;5;7mribanTemplateRe[0m
     [38;5;7mnderer.[0m[38;5;11mRender[0m[38;5;7m([0m 
     [38;5;12mstring[0m         
     [38;5;7mtemplateContent[0m
     ,              
     [38;5;12mDictionary<stri[0m
     [38;5;12mng, object>[0m    
     [38;5;7mcontext)[0m [38;5;8min[0m    
     [38;5;7m/home/juanse/Do[0m
     [38;5;7mcumentos/Desarr[0m
     [38;5;7mollo/Projects/M[0m
     [38;5;7mTC/MTC/Services[0m
     [38;5;7m/[0m              
     [1;38;5;11mScribanTemplate[0m
     [1;38;5;11mRenderer.cs[0m[38;5;8m:[0m[38;5;12m18[0m 
  [38;5;8mat[0m async [38;5;12mTask[0m     
     [38;5;7mMTC.Services.Sc[0m
     [38;5;7maffoldingServic[0m
     [38;5;7me.[0m             
     [38;5;11mProcessDirector[0m
     [38;5;11myAsync[0m[38;5;7m([0m        
     [38;5;12mDirectoryInfo[0m  
     [38;5;7msourceDir[0m,     
     [38;5;12mstring[0m         
     [38;5;7mtargetDir[0m,     
     [38;5;12mDictionary<stri[0m
     [38;5;12mng, object>[0m    
     [38;5;7mvariables)[0m [38;5;8min[0m  
     [38;5;7m/home/juanse/Do[0m
     [38;5;7mcumentos/Desarr[0m
     [38;5;7mollo/Projects/M[0m
     [38;5;7mTC/MTC/Services[0m
     [38;5;7m/[0m              
     [1;38;5;11mScaffoldingServ[0m
     [1;38;5;11mice.cs[0m[38;5;8m:[0m[38;5;12m44[0m      
  [38;5;8mat[0m async [38;5;12mTask[0m     
     [38;5;7mMTC.Services.Sc[0m
     [38;5;7maffoldingServic[0m
     [38;5;7me.[0m             
     [38;5;11mProcessDirector[0m
     [38;5;11myAsync[0m[38;5;7m([0m        
     [38;5;12mDirectoryInfo[0m  
     [38;5;7msourceDir[0m,     
     [38;5;12mstring[0m         
     [38;5;7mtargetDir[0m,     
     [38;5;12mDictionary<stri[0m
     [38;5;12mng, object>[0m    
     [38;5;7mvariables)[0m [38;5;8min[0m  
     [38;5;7m/home/juanse/Do[0m
     [38;5;7mcumentos/Desarr[0m
     [38;5;7mollo/Projects/M[0m
     [38;5;7mTC/MTC/Services[0m
     [38;5;7m/[0m              
     [1;38;5;11mScaffoldingServ[0m
     [1;38;5;11mice.cs[0m[38;5;8m:[0m[38;5;12m61[0m      
  [38;5;8mat[0m async [38;5;12mTask[0m     
     [38;5;7mMTC.Services.Sc[0m
     [38;5;7maffoldingServic[0m
     [38;5;7me.[0m             
     [38;5;11mProcessDirector[0m
     [38;5;11myAsync[0m[38;5;7m([0m        
     [38;5;12mDirectoryInfo[0m  
     [38;5;7msourceDir[0m,     
     [38;5;12mstring[0m         
     [38;5;7mtargetDir[0m,     
     [38;5;12mDictionary<stri[0m
     [38;5;12mng, object>[0m    
     [38;5;7mvariables)[0m [38;5;8min[0m  
     [38;5;7m/home/juanse/Do[0m
     [38;5;7mcumentos/Desarr[0m
     [38;5;7mollo/Projects/M[0m
     [38;5;7mTC/MTC/Services[0m
     [38;5;7m/[0m              
     [1;38;5;11mScaffoldingServ[0m
     [1;38;5;11mice.cs[0m[38;5;8m:[0m[38;5;12m61[0m      
  [38;5;8mat[0m async [38;5;12mTask[0m     
     [38;5;7mMTC.Services.Sc[0m
     [38;5;7maffoldingServic[0m
     [38;5;7me.[0m             
     [38;5;11mProcessDirector[0m
     [38;5;11myAsync[0m[38;5;7m([0m        
     [38;5;12mDirectoryInfo[0m  
     [38;5;7msourceDir[0m,     
     [38;5;12mstring[0m         
     [38;5;7mtargetDir[0m,     
     [38;5;12mDictionary<stri[0m
     [38;5;12mng, object>[0m    
     [38;5;7mvariables)[0m [38;5;8min[0m  
     [38;5;7m/home/juanse/Do[0m
     [38;5;7mcumentos/Desarr[0m
     [38;5;7mollo/Projects/M[0m
     [38;5;7mTC/MTC/Services[0m
     [38;5;7m/[0m              
     [1;38;5;11mScaffoldingServ[0m
     [1;38;5;11mice.cs[0m[38;5;8m:[0m[38;5;12m61[0m      
  [38;5;8mat[0m async [38;5;12mTask[0m     
     [38;5;7mMTC.Services.Sc[0m
     [38;5;7maffoldingServic[0m
     [38;5;7me.[0m             
     [38;5;11mProcessDirector[0m
     [38;5;11myAsync[0m[38;5;7m([0m        
     [38;5;12mDirectoryInfo[0m  
     [38;5;7msourceDir[0m,     
     [38;5;12mstring[0m         
     [38;5;7mtargetDir[0m,     
     [38;5;12mDictionary<stri[0m
     [38;5;12mng, object>[0m    
     [38;5;7mvariables)[0m [38;5;8min[0m  
     [38;5;7m/home/juanse/Do[0m
     [38;5;7mcumentos/Desarr[0m
     [38;5;7mollo/Projects/M[0m
     [38;5;7mTC/MTC/Services[0m
     [38;5;7m/[0m              
     [1;38;5;11mScaffoldingServ[0m
     [1;38;5;11mice.cs[0m[38;5;8m:[0m[38;5;12m61[0m      
  [38;5;8mat[0m async [38;5;12mTask[0m     
     [38;5;7mMTC.Services.Sc[0m
     [38;5;7maffoldingServic[0m
     [38;5;7me.[0m             
     [38;5;11mProcessDirector[0m
     [38;5;11myAsync[0m[38;5;7m([0m        
     [38;5;12mDirectoryInfo[0m  
     [38;5;7msourceDir[0m,     
     [38;5;12mstring[0m         
     [38;5;7mtargetDir[0m,     
     [38;5;12mDictionary<stri[0m
     [38;5;12mng, object>[0m    
     [38;5;7mvariables)[0m [38;5;8min[0m  
     [38;5;7m/home/juanse/Do[0m
     [38;5;7mcumentos/Desarr[0m
     [38;5;7mollo/Projects/M[0m
     [38;5;7mTC/MTC/Services[0m
     [38;5;7m/[0m              
     [1;38;5;11mScaffoldingServ[0m
     [1;38;5;11mice.cs[0m[38;5;8m:[0m[38;5;12m61[0m      
  [38;5;8mat[0m async [38;5;12mTask[0m     
     [38;5;7mMTC.Services.Sc[0m
     [38;5;7maffoldingServic[0m
     [38;5;7me.[0m[38;5;11mGenerateAsync[0m
     [38;5;7m([0m[38;5;12mTemplate[0m      
     [38;5;7mtemplate[0m,      
     [38;5;12mstring[0m         
     [38;5;7mtargetDirectory[0m
     ,              
     [38;5;12mDictionary<stri[0m
     [38;5;12mng, object>[0m    
     [38;5;7mvariables)[0m [38;5;8min[0m  
     [38;5;7m/home/juanse/Do[0m
     [38;5;7mcumentos/Desarr[0m
     [38;5;7mollo/Projects/M[0m
     [38;5;7mTC/MTC/Services[0m
     [38;5;7m/[0m              
     [1;38;5;11mScaffoldingServ[0m
     [1;38;5;11mice.cs[0m[38;5;8m:[0m[38;5;12m23[0m      
  [38;5;8mat[0m [38;5;12mvoid[0m           
     [38;5;7mMTC.Program.<>c[0m
     [38;5;7m__DisplayClass0[0m
     [38;5;7m_0.<<Main>b__3>[0m
     [38;5;7md.[0m[38;5;11mMoveNext[0m[38;5;7m()[0m [38;5;8min[0m
     [38;5;7m/home/juanse/Do[0m
     [38;5;7mcumentos/Desarr[0m
     [38;5;7mollo/Projects/M[0m
     [38;5;7mTC/MTC/[0m        
     [1;38;5;11mProgram.cs[0m[38;5;8m:[0m[38;5;12m234[0m 
